<?xml version="1.0" encoding="UTF-8"?>
<!-- Generated by org.testng.reporters.JUnitXMLReporter -->
<testsuite ignored="0" hostname="DESKTOP-2L7QON7" failures="0" tests="3" name="Default test" time="31.962" errors="0" timestamp="2023-07-01T22:49:50 ICT">
  <testcase classname="com.testng.demo.MyAppTests" name="verifySignup" time="12.035"/>
  <testcase classname="com.testng.demo.MyAppTests" name="verifyLandingPage" time="0.163"/>
  <testcase classname="com.testng.demo.MyAppTests" name="verifyLogin" time="6.809"/>
</testsuite> <!-- Default test -->
