<?xml version="1.0" encoding="UTF-8"?>
<!-- Generated by org.testng.reporters.JUnitXMLReporter -->
<testsuite ignored="2" hostname="DESKTOP-2L7QON7" failures="0" tests="1" name="Default test" time="93.961" errors="0" timestamp="2023-07-01T20:01:07 IST">
  <testcase classname="com.testng.demo.MyAppTests" name="verifySignup" time="89.253"/>
  <testcase classname="com.testng.demo.MyAppTests" name="verifyLogin" time="0.0">
    <ignored/>
  </testcase> <!-- verifyLogin -->
  <testcase classname="com.testng.demo.MyAppTests" name="verifyLandingPage" time="0.0">
    <ignored/>
  </testcase> <!-- verifyLandingPage -->
</testsuite> <!-- Default test -->
