<?xml version="1.0" encoding="UTF-8"?>
<!-- Generated by org.testng.reporters.JUnitXMLReporter -->
<testsuite ignored="0" hostname="DESKTOP-2L7QON7" failures="0" tests="4" name="DemoTest" time="46.565" errors="0" timestamp="2023-06-25T23:51:24 ICT">
  <testcase classname="com.testng.demo.MyAppTests" name="verifyLandingPage" time="0.226"/>
  <testcase classname="com.testng.demo.MyAppTests" name="verifyLogin" time="6.822"/>
  <testcase classname="com.testng.demo.MyAppTests" name="verifySignup" time="10.328"/>
  <testcase classname="com.testng.demo.MyAppTests" name="verifySignup" time="10.088"/>
</testsuite> <!-- DemoTest -->
