<?xml version="1.0" encoding="UTF-8"?>
<!-- Generated by org.testng.reporters.JUnitXMLReporter -->
<testsuite ignored="0" hostname="DESKTOP-2L7QON7" failures="0" tests="3" name="DemoTest" time="36.305" errors="0" timestamp="2023-07-01T23:00:59 ICT">
  <testcase classname="com.testng.demo.MyAppTests" name="verifySignup" time="10.691"/>
  <testcase classname="com.testng.demo.MyAppTests" name="verifyLandingPage" time="0.165"/>
  <testcase classname="com.testng.demo.MyAppTests" name="verifyLogin" time="6.812"/>
</testsuite> <!-- DemoTest -->
