<?xml version="1.0" encoding="UTF-8"?>
<testng-results ignored="0" total="3" passed="3" failed="0" skipped="0">
  <reporter-output>
  </reporter-output>
  <suite started-at="2023-06-18T20:32:30 IST" name="DemoSuite" finished-at="2023-06-18T20:33:04 IST" duration-ms="34020">
    <groups>
    </groups>
    <test started-at="2023-06-18T20:32:30 IST" name="DemoTest" finished-at="2023-06-18T20:33:04 IST" duration-ms="34020">
      <class name="com.testng.demo.TestNGDemoCrossBrowser">
        <test-method signature="speakLangInChrome()[pri:0, instance:com.testng.demo.TestNGDemoCrossBrowser@25084a1e]" started-at="2023-06-18T20:32:30 IST" name="speakLangInChrome" finished-at="2023-06-18T20:32:39 IST" duration-ms="8725" status="PASS">
          <reporter-output>
          </reporter-output>
        </test-method> <!-- speakLangInChrome -->
        <test-method signature="speakLangInEdge()[pri:0, instance:com.testng.demo.TestNGDemoCrossBrowser@25084a1e]" started-at="2023-06-18T20:32:39 IST" name="speakLangInEdge" finished-at="2023-06-18T20:32:46 IST" duration-ms="7541" status="PASS">
          <reporter-output>
          </reporter-output>
        </test-method> <!-- speakLangInEdge -->
      </class> <!-- com.testng.demo.TestNGDemoCrossBrowser -->
      <class name="com.testng.demo.SpeakLangTests">
        <test-method signature="speakLangInChrome()[pri:0, instance:com.testng.demo.SpeakLangTests@7e7be63f]" started-at="2023-06-18T20:32:46 IST" name="speakLangInChrome" finished-at="2023-06-18T20:33:04 IST" duration-ms="17715" status="PASS">
          <reporter-output>
          </reporter-output>
        </test-method> <!-- speakLangInChrome -->
      </class> <!-- com.testng.demo.SpeakLangTests -->
    </test> <!-- DemoTest -->
  </suite> <!-- DemoSuite -->
</testng-results>
