<?xml version="1.0" encoding="UTF-8"?>
<testng-results ignored="0" total="3" passed="3" failed="0" skipped="0">
  <reporter-output>
  </reporter-output>
  <suite started-at="2023-07-01T20:08:35 IST" name="DemoSuite" finished-at="2023-07-01T20:09:10 IST" duration-ms="34832">
    <groups>
    </groups>
    <test started-at="2023-07-01T20:08:35 IST" name="DemoTest" finished-at="2023-07-01T20:09:10 IST" duration-ms="34832">
      <class name="com.testng.demo.MyAppTests">
        <test-method is-config="true" signature="beforeMethod()[pri:0, instance:com.testng.demo.MyAppTests@35aea049]" started-at="2023-07-01T20:08:35 IST" name="beforeMethod" finished-at="2023-07-01T20:08:40 IST" duration-ms="5216" status="PASS">
          <reporter-output>
          </reporter-output>
        </test-method> <!-- beforeMethod -->
        <test-method signature="verifyLandingPage()[pri:0, instance:com.testng.demo.MyAppTests@35aea049]" started-at="2023-07-01T20:08:40 IST" name="verifyLandingPage" finished-at="2023-07-01T20:08:40 IST" duration-ms="175" status="PASS">
          <reporter-output>
          </reporter-output>
        </test-method> <!-- verifyLandingPage -->
        <test-method is-config="true" signature="afterMethod()[pri:0, instance:com.testng.demo.MyAppTests@35aea049]" started-at="2023-07-01T20:08:40 IST" name="afterMethod" finished-at="2023-07-01T20:08:41 IST" duration-ms="801" status="PASS">
          <reporter-output>
          </reporter-output>
        </test-method> <!-- afterMethod -->
        <test-method is-config="true" signature="beforeMethod()[pri:0, instance:com.testng.demo.MyAppTests@35aea049]" started-at="2023-07-01T20:08:41 IST" name="beforeMethod" finished-at="2023-07-01T20:08:48 IST" duration-ms="6605" status="PASS">
          <reporter-output>
          </reporter-output>
        </test-method> <!-- beforeMethod -->
        <test-method signature="verifyLogin()[pri:0, instance:com.testng.demo.MyAppTests@35aea049]" started-at="2023-07-01T20:08:48 IST" name="verifyLogin" finished-at="2023-07-01T20:08:55 IST" duration-ms="6887" status="PASS">
          <reporter-output>
          </reporter-output>
        </test-method> <!-- verifyLogin -->
        <test-method is-config="true" signature="afterMethod()[pri:0, instance:com.testng.demo.MyAppTests@35aea049]" started-at="2023-07-01T20:08:55 IST" name="afterMethod" finished-at="2023-07-01T20:08:55 IST" duration-ms="724" status="PASS">
          <reporter-output>
          </reporter-output>
        </test-method> <!-- afterMethod -->
        <test-method is-config="true" signature="beforeMethod()[pri:0, instance:com.testng.demo.MyAppTests@35aea049]" started-at="2023-07-01T20:08:55 IST" name="beforeMethod" finished-at="2023-07-01T20:08:58 IST" duration-ms="3076" status="PASS">
          <reporter-output>
          </reporter-output>
        </test-method> <!-- beforeMethod -->
        <test-method signature="verifySignup()[pri:0, instance:com.testng.demo.MyAppTests@35aea049]" started-at="2023-07-01T20:08:58 IST" name="verifySignup" finished-at="2023-07-01T20:09:09 IST" duration-ms="10541" status="PASS">
          <reporter-output>
          </reporter-output>
        </test-method> <!-- verifySignup -->
        <test-method is-config="true" signature="afterMethod()[pri:0, instance:com.testng.demo.MyAppTests@35aea049]" started-at="2023-07-01T20:09:09 IST" name="afterMethod" finished-at="2023-07-01T20:09:10 IST" duration-ms="768" status="PASS">
          <reporter-output>
          </reporter-output>
        </test-method> <!-- afterMethod -->
      </class> <!-- com.testng.demo.MyAppTests -->
    </test> <!-- DemoTest -->
  </suite> <!-- DemoSuite -->
</testng-results>
